<?xml version="1.0" encoding="UTF-8"?>
<testsuite xmlns:xsi="http://www.w3.org/2001/XMLSchema-instance" xsi:noNamespaceSchemaLocation="https://maven.apache.org/surefire/maven-surefire-plugin/xsd/surefire-test-report-3.0.xsd" version="3.0" name="com.agendafacil.AgendamentoServiceTest" time="0.093" tests="6" errors="0" skipped="0" failures="0">
  <properties>
[...]
</properties>
  <testcase name="sistemaDeveListarTodosHorariosQuandoNenhumOcupado" classname="com.agendafacil.AgendamentoServiceTest" time="0.037"/>
  <testcase name="sistemaDeveCriarEConfirmarAgendamento" classname="com.agendafacil.AgendamentoServiceTest" time="0.003"/>
  <testcase name="sistemaDeveReduzirDisponibilidadeAposAgendamento" classname="com.agendafacil.AgendamentoServiceTest" time="0.002"/>
  <testcase name="e2e_fluxoCompletoDoUsuario" classname="com.agendafacil.AgendamentoServiceTest" time="0.004"/>
  <testcase name="sistemaDeveBloqueiarHorarioOcupado" classname="com.agendafacil.AgendamentoServiceTest" time="0.002"/>
  <testcase name="sistemaDeveRejeitarDataNoPassado" classname="com.agendafacil.AgendamentoServiceTest" time="0.002"/>
</testsuite>